{
  "RSpec": {
    "coverage": {
      "/home/congenial-teacher-6804/tic-tac-toe-rb-ruby-apply-000/lib/tic_tac_toe.rb": [
        null,
        1,
        null,
        null,
        null,
        null,
        null,
        null,
        null,
        null,
        null,
        1,
        15,
        15,
        15,
        15,
        15,
        null,
        null,
        1,
        17,
        null,
        null,
        1,
        16,
        null,
        null,
        1,
        0,
        0,
        0,
        null,
        0,
        null,
        null,
        null,
        1,
        17,
        null,
        null,
        1,
        80,
        80,
        63,
        null,
        17,
        null,
        null,
        null,
        1,
        14,
        14,
        14,
        14,
        13,
        13,
        null,
        1,
        null,
        null,
        null,
        1,
        15,
        15,
        135,
        11,
        null,
        null,
        15,
        null,
        null,
        1,
        14,
        10,
        null,
        4,
        null,
        null,
        null,
        1,
        34,
        205,
        null,
        null,
        null,
        null,
        null,
        1,
        97,
        null,
        null,
        null,
        1,
        11,
        null,
        null,
        1,
        14,
        null,
        null,
        1,
        6,
        5,
        null,
        null,
        null,
        1,
        11,
        11,
        4,
        null,
        7,
        null,
        null
      ]
    },
    "timestamp": 1600367479
  }
}
