{
  "RSpec": {
    "coverage": {
      "/home/congenial-teacher-6804/tic-tac-toe-rb-ruby-apply-000/lib/tic_tac_toe.rb": [
        null,
        1,
        null,
        null,
        null,
        null,
        null,
        null,
        null,
        null,
        null,
        1,
        15,
        15,
        15,
        15,
        15,
        null,
        null,
        1,
        17,
        null,
        null,
        1,
        16,
        null,
        null,
        1,
        0,
        0,
        0,
        null,
        0,
        null,
        null,
        null,
        1,
        17,
        null,
        null,
        1,
        71,
        71,
        57,
        null,
        14,
        null,
        null,
        null,
        1,
        14,
        14,
        14,
        14,
        13,
        13,
        null,
        1,
        null,
        null,
        null,
        1,
        15,
        15,
        135,
        11,
        null,
        null,
        15,
        null,
        null,
        1,
        14,
        10,
        null,
        4,
        null,
        null,
        null,
        1,
        25,
        148,
        null,
        null,
        null,
        null,
        null,
        1,
        77,
        null,
        null,
        null,
        1,
        9,
        null,
        null,
        1,
        11,
        null,
        null,
        1,
        5,
        4,
        null,
        null,
        null,
        1,
        8,
        8,
        3,
        null,
        5,
        null,
        null
      ]
    },
    "timestamp": 1600367443
  }
}
